TN:
SF:src\api.ts
FN:10,request
FN:31,(anonymous_1)
FN:42,signup
FN:49,login
FN:58,me
FN:62,getJobs
FN:70,getStats
FN:83,createJob
FN:87,updateJob
FN:91,deleteJob
FNF:10
FNH:8
FNDA:11,request
FNDA:0,(anonymous_1)
FNDA:2,signup
FNDA:2,login
FNDA:0,me
FNDA:3,getJobs
FNDA:1,getStats
FNDA:1,createJob
FNDA:1,updateJob
FNDA:1,deleteJob
DA:3,3
DA:11,11
DA:12,11
DA:16,11
DA:17,2
DA:20,11
DA:22,11
DA:23,1
DA:24,1
DA:25,1
DA:28,10
DA:29,1
DA:31,0
DA:32,1
DA:35,9
DA:36,0
DA:39,9
DA:43,2
DA:50,2
DA:54,1
DA:55,1
DA:59,0
DA:63,3
DA:64,3
DA:65,3
DA:66,3
DA:67,3
DA:71,1
DA:84,1
DA:88,1
DA:92,1
LF:31
LH:28
BRDA:10,0,0,11
BRDA:16,1,0,2
BRDA:16,1,1,9
BRDA:22,2,0,1
BRDA:22,2,1,10
BRDA:28,3,0,1
BRDA:28,3,1,9
BRDA:35,4,0,0
BRDA:35,4,1,9
BRDA:62,5,0,3
BRDA:64,6,0,1
BRDA:64,6,1,2
BRDA:65,7,0,0
BRDA:65,7,1,3
BRDA:67,8,0,1
BRDA:67,8,1,2
BRF:16
BRH:14
end_of_record
TN:
SF:src\types.ts
FNF:0
FNH:0
DA:5,3
DA:13,3
LF:2
LH:2
BRF:0
BRH:0
end_of_record
TN:
SF:src\components\Header.tsx
FN:1,Header
FN:2,(anonymous_1)
FNF:2
FNH:1
FNDA:4,Header
FNDA:0,(anonymous_1)
DA:2,4
DA:3,0
DA:4,0
DA:7,4
LF:4
LH:2
BRF:0
BRH:0
end_of_record
TN:
SF:src\components\JobFormModal.tsx
FN:12,JobFormModal
FN:21,(anonymous_1)
FN:53,(anonymous_2)
FN:58,(anonymous_3)
FN:62,(anonymous_4)
FN:66,(anonymous_5)
FN:70,(anonymous_6)
FN:74,(anonymous_7)
FN:75,(anonymous_8)
FN:84,(anonymous_9)
FNF:10
FNH:4
FNDA:2,JobFormModal
FNDA:1,(anonymous_1)
FNDA:1,(anonymous_2)
FNDA:0,(anonymous_3)
FNDA:0,(anonymous_4)
FNDA:0,(anonymous_5)
FNDA:0,(anonymous_6)
FNDA:0,(anonymous_7)
FNDA:10,(anonymous_8)
FNDA:0,(anonymous_9)
DA:13,2
DA:14,2
DA:15,2
DA:16,2
DA:17,2
DA:18,2
DA:19,2
DA:21,2
DA:22,1
DA:23,1
DA:25,1
DA:26,1
DA:27,1
DA:30,0
DA:39,1
DA:40,1
DA:41,0
DA:43,0
DA:45,0
DA:47,0
DA:51,2
DA:53,1
DA:58,0
DA:62,0
DA:66,0
DA:70,0
DA:74,0
DA:76,10
DA:84,0
LF:29
LH:18
BRDA:13,0,0,2
BRDA:13,0,1,2
BRDA:14,1,0,2
BRDA:14,1,1,2
BRDA:15,2,0,2
BRDA:15,2,1,2
BRDA:16,3,0,2
BRDA:16,3,1,2
BRDA:17,4,0,2
BRDA:17,4,1,2
BRDA:18,5,0,2
BRDA:18,5,1,2
BRDA:25,6,0,1
BRDA:25,6,1,0
BRDA:25,7,0,1
BRDA:25,7,1,0
BRDA:33,8,0,0
BRDA:33,8,1,0
BRDA:34,9,0,1
BRDA:34,9,1,0
BRDA:36,10,0,1
BRDA:36,10,1,0
BRDA:40,11,0,0
BRDA:40,11,1,0
BRDA:47,12,0,0
BRDA:47,12,1,0
BRDA:54,13,0,0
BRDA:54,13,1,2
BRDA:55,14,0,2
BRDA:55,14,1,1
BRF:30
BRH:19
end_of_record
TN:
SF:src\components\StatusBadge.tsx
FN:12,StatusBadge
FNF:1
FNH:1
FNDA:10,StatusBadge
DA:4,2
DA:13,10
LF:2
LH:2
BRF:0
BRH:0
end_of_record
TN:
SF:src\pages\JobListPage.tsx
FN:8,JobListPage
FN:17,(anonymous_1)
FN:29,(anonymous_2)
FN:33,(anonymous_3)
FN:36,(anonymous_4)
FN:41,(anonymous_5)
FN:45,(anonymous_6)
FN:48,(anonymous_7)
FN:54,(anonymous_8)
FN:59,(anonymous_9)
FN:65,(anonymous_10)
FN:70,(anonymous_11)
FN:80,(anonymous_12)
FN:94,(anonymous_13)
FN:100,(anonymous_14)
FN:104,(anonymous_15)
FN:109,(anonymous_16)
FN:124,(anonymous_17)
FN:136,(anonymous_18)
FN:138,(anonymous_19)
FN:144,(anonymous_20)
FN:147,(anonymous_21)
FN:159,(anonymous_22)
FNF:23
FNH:9
FNDA:4,JobListPage
FNDA:2,(anonymous_1)
FNDA:2,(anonymous_2)
FNDA:1,(anonymous_3)
FNDA:0,(anonymous_4)
FNDA:0,(anonymous_5)
FNDA:0,(anonymous_6)
FNDA:0,(anonymous_7)
FNDA:0,(anonymous_8)
FNDA:0,(anonymous_9)
FNDA:0,(anonymous_10)
FNDA:0,(anonymous_11)
FNDA:20,(anonymous_12)
FNDA:0,(anonymous_13)
FNDA:0,(anonymous_14)
FNDA:20,(anonymous_15)
FNDA:1,(anonymous_16)
FNDA:5,(anonymous_17)
FNDA:0,(anonymous_18)
FNDA:25,(anonymous_19)
FNDA:0,(anonymous_20)
FNDA:0,(anonymous_21)
FNDA:0,(anonymous_22)
DA:9,4
DA:10,4
DA:11,4
DA:12,4
DA:13,4
DA:14,4
DA:15,4
DA:17,4
DA:18,2
DA:19,2
DA:23,2
DA:25,0
DA:29,4
DA:30,2
DA:33,4
DA:34,1
DA:41,4
DA:42,0
DA:43,0
DA:48,4
DA:49,0
DA:50,0
DA:51,0
DA:54,4
DA:55,0
DA:56,0
DA:59,4
DA:60,0
DA:61,0
DA:62,0
DA:65,4
DA:66,0
DA:67,0
DA:70,4
DA:71,0
DA:72,0
DA:75,4
DA:81,20
DA:94,0
DA:100,0
DA:105,20
DA:109,1
DA:125,5
DA:136,0
DA:139,25
DA:144,0
DA:147,0
DA:160,0
DA:161,0
LF:49
LH:27
BRDA:20,0,0,1
BRDA:20,0,1,1
BRDA:21,1,0,2
BRDA:21,1,1,2
BRDA:25,2,0,0
BRDA:25,2,1,0
BRDA:60,3,0,0
BRDA:60,3,1,0
BRDA:83,4,0,20
BRDA:83,4,1,14
BRDA:99,5,0,2
BRDA:99,5,1,2
BRDA:108,6,0,2
BRDA:108,6,1,18
BRDA:120,7,0,4
BRDA:120,7,1,0
BRDA:123,8,0,4
BRDA:123,8,1,1
BRDA:131,9,0,5
BRDA:131,9,1,0
BRDA:132,10,0,5
BRDA:132,10,1,0
BRDA:156,11,0,4
BRDA:156,11,1,0
BRF:24
BRH:16
end_of_record
TN:
SF:src\pages\LoginPage.tsx
FN:4,LoginPage
FN:11,(anonymous_1)
FN:37,(anonymous_2)
FN:41,(anonymous_3)
FN:46,(anonymous_4)
FN:52,(anonymous_5)
FNF:6
FNH:6
FNDA:103,LoginPage
FNDA:4,(anonymous_1)
FNDA:48,(anonymous_2)
FNDA:36,(anonymous_3)
FNDA:6,(anonymous_4)
FNDA:2,(anonymous_5)
DA:5,103
DA:6,103
DA:7,103
DA:8,103
DA:9,103
DA:11,103
DA:12,4
DA:13,4
DA:15,4
DA:16,4
DA:17,1
DA:18,1
DA:19,1
DA:20,1
DA:22,3
DA:23,2
DA:26,1
DA:30,103
DA:37,48
DA:41,36
DA:46,6
DA:52,2
LF:22
LH:22
BRDA:16,0,0,1
BRDA:16,0,1,3
BRDA:26,1,0,1
BRDA:26,1,1,0
BRDA:33,2,0,36
BRDA:33,2,1,67
BRDA:34,3,0,103
BRDA:34,3,1,2
BRDA:43,4,0,103
BRDA:43,4,1,36
BRDA:50,5,0,36
BRDA:50,5,1,67
BRDA:53,6,0,36
BRDA:53,6,1,67
BRF:14
BRH:13
end_of_record
